2018-07-04T14:05:18.653Z - normal: Load ~/.CocosCreator/settings.json
2018-07-04T14:05:18.657Z - normal: checking language setting...
2018-07-04T14:05:18.657Z - normal: Language: zh
2018-07-04T14:05:19.623Z - success: protocol editor-framework registered
2018-07-04T14:05:19.624Z - success: protocol app registered
2018-07-04T14:05:19.624Z - success: protocol theme registered
2018-07-04T14:05:19.624Z - success: protocol packages registered
2018-07-04T14:05:19.624Z - success: protocol unpack registerred
2018-07-04T14:05:19.625Z - success: protocol disable-commonjs registerred
2018-07-04T14:05:19.839Z - normal: connected!
2018-07-04T14:05:19.841Z - normal: Check project /Users/apple/Desktop/cocos/ruiCocos/start_project
2018-07-04T14:05:19.844Z - normal: Initializing Cocos2d
2018-07-04T14:05:20.114Z - normal: Initializing Asset Database
2018-07-04T14:05:20.153Z - success: protocol uuid registerred
2018-07-04T14:05:20.154Z - success: protocol db registerred
2018-07-04T14:05:20.154Z - success: protocol thumbnail registerred
2018-07-04T14:05:20.154Z - normal: Loading editor/builtin packages
2018-07-04T14:05:20.179Z - success: anysdk loaded
2018-07-04T14:05:20.314Z - success: assets loaded
2018-07-04T14:05:20.318Z - success: builder loaded
2018-07-04T14:05:20.320Z - success: cocos-analytics loaded
2018-07-04T14:05:20.326Z - success: console loaded
2018-07-04T14:05:20.360Z - success: fb-instant-games loaded
2018-07-04T14:05:20.365Z - success: hierarchy loaded
2018-07-04T14:05:20.370Z - success: inspector loaded
2018-07-04T14:05:20.372Z - success: keystore loaded
2018-07-04T14:05:20.377Z - success: node-library loaded
2018-07-04T14:05:20.379Z - success: package-asset loaded
2018-07-04T14:05:20.381Z - success: preferences loaded
2018-07-04T14:05:20.384Z - success: project-exporter loaded
2018-07-04T14:05:20.402Z - success: project-importer loaded
2018-07-04T14:05:20.407Z - success: project-settings loaded
2018-07-04T14:05:20.412Z - success: ui-kit loaded
2018-07-04T14:05:20.418Z - success: ui-grid loaded
2018-07-04T14:05:20.423Z - success: scene loaded
2018-07-04T14:05:20.425Z - success: sprite-editor loaded
2018-07-04T14:05:20.430Z - success: store loaded
2018-07-04T14:05:20.438Z - success: timeline loaded
2018-07-04T14:05:20.438Z - normal: Loading builtin packages
2018-07-04T14:05:20.448Z - success: asset-db-debugger loaded
2018-07-04T14:05:20.449Z - success: color-picker loaded
2018-07-04T14:05:20.456Z - success: package-manager loaded
2018-07-04T14:05:20.457Z - success: qqplay-adapter loaded
2018-07-04T14:05:20.469Z - success: sdkbox loaded
2018-07-04T14:05:20.475Z - success: tester loaded
2018-07-04T14:05:20.480Z - success: ui-kit-preview-extra loaded
2018-07-04T14:05:20.486Z - success: ui-kit-preview loaded
2018-07-04T14:05:20.492Z - success: ui-tree loaded
2018-07-04T14:05:20.494Z - success: weapp-adapter loaded
2018-07-04T14:05:21.727Z - normal: Initializing project /Users/apple/Desktop/cocos/ruiCocos/start_project
2018-07-04T14:05:21.730Z - normal: Loading packages
2018-07-04T14:05:21.735Z - normal: Watching packages
2018-07-04T14:05:21.852Z - normal: Run Application
2018-07-04T14:05:23.436Z - success: preview server running at http://localhost:7456
2018-07-04T14:05:28.554Z - normal: 1.9.2
2018-07-04T15:02:35.235Z - error: Failed to reset layout: Error: Failed to close panel scene
    at Object.Panel._unloadAll (/Applications/CocosCreator.app/Contents/Resources/app.asar/editor-framework/lib/renderer/panel.js:1:2459)
    at Async.waterfall.e (/Applications/CocosCreator.app/Contents/Resources/app.asar/editor-framework/lib/renderer/ui/utils/dock-utils.js:1:8071)
    at fn (/Applications/CocosCreator.app/Contents/Resources/app.asar/node_modules/async/lib/async.js:746:34)
    at /Applications/CocosCreator.app/Contents/Resources/app.asar/node_modules/async/lib/async.js:1213:16
    at /Applications/CocosCreator.app/Contents/Resources/app.asar/node_modules/async/lib/async.js:166:37
    at /Applications/CocosCreator.app/Contents/Resources/app.asar/node_modules/async/lib/async.js:706:43
    at /Applications/CocosCreator.app/Contents/Resources/app.asar/node_modules/async/lib/async.js:167:37
    at Object.async.waterfall (/Applications/CocosCreator.app/Contents/Resources/app.asar/node_modules/async/lib/async.js:710:44)
    at Object.DockUtils.reset (/Applications/CocosCreator.app/Contents/Resources/app.asar/editor-framework/lib/renderer/ui/utils/dock-utils.js:1:8050)
    at EventEmitter.ipcRenderer.on (/Applications/CocosCreator.app/Contents/Resources/app.asar/editor-framework/lib/renderer/ui/utils/dock-utils.js:1:9933)
    at DockUtils.reset.e (/Applications/CocosCreator.app/Contents/Resources/app.asar/editor-framework/lib/renderer/ui/utils/dock-utils.js:1:9971)
    at Async.waterfall.e (/Applications/CocosCreator.app/Contents/Resources/app.asar/editor-framework/lib/renderer/ui/utils/dock-utils.js:1:9060)
    at /Applications/CocosCreator.app/Contents/Resources/app.asar/node_modules/async/lib/async.js:52:16
    at /Applications/CocosCreator.app/Contents/Resources/app.asar/node_modules/async/lib/async.js:696:30
    at /Applications/CocosCreator.app/Contents/Resources/app.asar/node_modules/async/lib/async.js:167:37
    at Immediate.<anonymous> (/Applications/CocosCreator.app/Contents/Resources/app.asar/node_modules/async/lib/async.js:1206:34)
    at runCallback (timers.js:672:20)
    at tryOnImmediate (timers.js:645:5)
    at processImmediate [as _immediateCallback] (timers.js:617:5)
2018-07-04T15:17:59.549Z - warn: C:\Users\Administrator\Desktop\cocos\ruiCocos not exists!
2018-07-04T15:18:34.575Z - error: scene 没有保存，请先保存相关信息再进行构建。
    at Editor.Ipc.sendToPanel (/Applications/CocosCreator.app/Contents/Resources/app.asar/editor/builtin/builder/panel/builder.js:1:14928)
    at EventEmitter.ipcRenderer.on.n (/Applications/CocosCreator.app/Contents/Resources/app.asar/editor-framework/lib/renderer/ipc.js:1:4587)
    at emitMany (events.js:127:13)
    at EventEmitter.emit (events.js:204:7)
2018-07-04T15:18:46.716Z - normal: Start building with options : {
  "androidStudio": true,
  "apiLevel": "",
  "appABIs": [],
  "appKey": "",
  "appSecret": "",
  "buildPath": "/Users/apple/Desktop/cocos/ruiCocos",
  "debug": false,
  "dest": "/Users/apple/Desktop/cocos/ruiCocos/wechatgame",
  "encryptJs": true,
  "excludeScenes": [],
  "excludedModules": [],
  "fb-instant-games": {},
  "includeAnySDK": false,
  "includeEruda": false,
  "includeSDKBox": false,
  "inlineSpriteFrames": true,
  "inlineSpriteFrames_native": true,
  "jailbreakPlatform": false,
  "md5Cache": true,
  "mergeStartScene": false,
  "oauthLoginServer": "",
  "optimizeHotUpdate": true,
  "orientation": {
    "landscapeLeft": true,
    "landscapeRight": true,
    "portrait": false,
    "upsideDown": false
  },
  "packageName": "org.cocos2d.start_project",
  "platform": "wechatgame",
  "previewHeight": "720",
  "previewWidth": "1280",
  "privateKey": "",
  "qqplay": {
    "REMOTE_SERVER_ROOT": "",
    "orientation": "portrait"
  },
  "renderMode": "0",
  "scenes": [
    "4a681fb2-a0ea-4b7f-bd81-f94fa836b6c1"
  ],
  "sourceMaps": false,
  "startScene": "4a681fb2-a0ea-4b7f-bd81-f94fa836b6c1",
  "template": "link",
  "title": "play",
  "useDebugKeystore": true,
  "vsVersion": "auto",
  "webOrientation": "auto",
  "wechatgame": {
    "REMOTE_SERVER_ROOT": "",
    "appid": "wxa235271cf62e5ee2",
    "isSubdomain": false,
    "orientation": "portrait",
    "subContext": ""
  },
  "xxteaKey": "159ebeeb-1d9a-42",
  "zipCompressJs": true,
  "project": "/Users/apple/Desktop/cocos/ruiCocos/start_project",
  "projectName": "play",
  "debugBuildWorker": false
}
2018-07-04T15:18:46.720Z - normal: Building /Users/apple/Desktop/cocos/ruiCocos/start_project
2018-07-04T15:18:46.721Z - normal: Destination /Users/apple/Desktop/cocos/ruiCocos/wechatgame
2018-07-04T15:18:47.147Z - normal: Delete /Users/apple/Desktop/cocos/ruiCocos/wechatgame/**/*
2018-07-04T15:19:52.401Z - normal: Compiled project javascript file successfully
2018-07-04T15:19:52.402Z - normal: Start building assets
2018-07-04T15:19:52.403Z - normal: Start spawn build-worker
2018-07-04T15:19:53.159Z - normal: Finish spawn build-worker
2018-07-04T15:19:53.160Z - normal: Start init build-worker
2018-07-04T15:19:56.636Z - normal: 1.9.2
2018-07-04T15:19:56.738Z - normal: Finish init build-worker
2018-07-04T15:19:56.738Z - normal: Start build-assets in worker
2018-07-04T15:19:57.026Z - normal: Finish build-assets in worker
2018-07-04T15:19:57.033Z - normal: Finish building assets
2018-07-04T15:19:57.048Z - normal: Start building raw assets
2018-07-04T15:19:57.050Z - normal: Start building plugin scripts
2018-07-04T15:19:57.104Z - normal: Finish building raw assets
2018-07-04T15:19:57.111Z - normal: Generating main.js from /Applications/CocosCreator.app/Contents/Resources/static/build-templates/shares/main.js
2018-07-04T15:19:58.710Z - normal: Built to "/Users/apple/Desktop/cocos/ruiCocos/wechatgame" successfully
2018-07-04T15:21:04.834Z - info: shutdown preview server
